<?xml version="1.0" encoding="UTF-8"?>
<!-- Generated by org.testng.reporters.JUnitReportReporter -->
<testsuite hostname="DESKTOP-137NM9T" failures="0" tests="1" name="com.qa.TN.TestCases.RegisterTest" time="8.038" errors="0" timestamp="10 Jan 2024 19:44:32 GMT" skipped="0">
  <testcase classname="com.qa.TN.TestCases.RegisterTest" name="verifyRegisterWithAllFields" time="8.038"/>
</testsuite> <!-- com.qa.TN.TestCases.RegisterTest -->
