<?xml version="1.0" encoding="UTF-8"?>
<!-- Generated by org.testng.reporters.JUnitReportReporter -->
<testsuite hostname="DESKTOP-137NM9T" failures="0" tests="1" name="com.qa.TN.TestCases.LoginTest" time="9.912" errors="0" timestamp="10 Jan 2024 19:44:32 GMT" skipped="0">
  <testcase classname="com.qa.TN.TestCases.LoginTest" name="verifyLoginWithValidCredentials" time="9.912"/>
</testsuite> <!-- com.qa.TN.TestCases.LoginTest -->
