<?xml version="1.0" encoding="UTF-8"?>
<!-- Generated by org.testng.reporters.JUnitReportReporter -->
<testsuite hostname="DESKTOP-137NM9T" failures="0" tests="1" name="com.qa.TN.TestCases.SearchProductTest" time="5.900" errors="0" timestamp="2024-01-09T20:42:24 EST" skipped="0">
  <testcase classname="com.qa.TN.TestCases.SearchProductTest" name="SearchWithValidProduct" time="5.900"/>
</testsuite> <!-- com.qa.TN.TestCases.SearchProductTest -->
