<?xml version="1.0" encoding="UTF-8"?>
<!-- Generated by org.testng.reporters.JUnitReportReporter -->
<testsuite hostname="DESKTOP-137NM9T" failures="0" tests="1" name="com.qa.TN.TestCases.RegisterTest" time="7.347" errors="0" timestamp="2024-01-09T20:42:24 EST" skipped="0">
  <testcase classname="com.qa.TN.TestCases.RegisterTest" name="verifyRegisterWithAllFields" time="7.347"/>
</testsuite> <!-- com.qa.TN.TestCases.RegisterTest -->
