<?xml version="1.0" encoding="UTF-8"?>
<!-- Generated by org.testng.reporters.JUnitReportReporter -->
<testsuite hostname="DESKTOP-137NM9T" failures="0" tests="1" name="com.qa.TN.TestCases.LoginTest" time="6.312" errors="0" timestamp="2024-01-09T20:42:24 EST" skipped="0">
  <testcase classname="com.qa.TN.TestCases.LoginTest" name="verifyLoginWithValidCredentials" time="6.312"/>
</testsuite> <!-- com.qa.TN.TestCases.LoginTest -->
